2022-08-02 12:52:15.640  INFO 87045 --- [restartedMain] com.atis.admin.AtisBackEndApplication    : Starting AtisBackEndApplication using Java 17.0.3 on nueras-MacBook-Air.local with PID 87045 (/Users/nuera/Documents/workspace-spring-tool-suite-4-4.15.1.RELEASE/AtisProject/AtisWebParent/AtisBackEnd/target/classes started by nuera in /Users/nuera/Documents/workspace-spring-tool-suite-4-4.15.1.RELEASE/AtisProject/AtisWebParent/AtisBackEnd)
2022-08-02 12:52:15.645  INFO 87045 --- [restartedMain] com.atis.admin.AtisBackEndApplication    : No active profile set, falling back to 1 default profile: "default"
2022-08-02 12:52:15.783  INFO 87045 --- [restartedMain] .e.DevToolsPropertyDefaultsPostProcessor : Devtools property defaults active! Set 'spring.devtools.add-properties' to 'false' to disable
2022-08-02 12:52:15.784  INFO 87045 --- [restartedMain] .e.DevToolsPropertyDefaultsPostProcessor : For additional web related logging consider setting the 'logging.level.web' property to 'DEBUG'
2022-08-02 12:52:17.275  INFO 87045 --- [restartedMain] .s.d.r.c.RepositoryConfigurationDelegate : Bootstrapping Spring Data JPA repositories in DEFAULT mode.
2022-08-02 12:52:17.525  INFO 87045 --- [restartedMain] .s.d.r.c.RepositoryConfigurationDelegate : Finished Spring Data repository scanning in 202 ms. Found 2 JPA repository interfaces.
2022-08-02 12:52:19.007  INFO 87045 --- [restartedMain] o.s.b.w.embedded.tomcat.TomcatWebServer  : Tomcat initialized with port(s): 8080 (http)
2022-08-02 12:52:19.033  INFO 87045 --- [restartedMain] o.apache.catalina.core.StandardService   : Starting service [Tomcat]
2022-08-02 12:52:19.034  INFO 87045 --- [restartedMain] org.apache.catalina.core.StandardEngine  : Starting Servlet engine: [Apache Tomcat/9.0.65]
2022-08-02 12:52:19.226  INFO 87045 --- [restartedMain] o.a.c.c.C.[.[localhost].[/AtisAdmin]     : Initializing Spring embedded WebApplicationContext
2022-08-02 12:52:19.232  INFO 87045 --- [restartedMain] w.s.c.ServletWebServerApplicationContext : Root WebApplicationContext: initialization completed in 3426 ms
2022-08-02 12:52:19.642  INFO 87045 --- [restartedMain] o.hibernate.jpa.internal.util.LogHelper  : HHH000204: Processing PersistenceUnitInfo [name: default]
2022-08-02 12:52:19.752  INFO 87045 --- [restartedMain] org.hibernate.Version                    : HHH000412: Hibernate ORM core version 5.6.10.Final
2022-08-02 12:52:20.151  INFO 87045 --- [restartedMain] o.hibernate.annotations.common.Version   : HCANN000001: Hibernate Commons Annotations {5.1.2.Final}
2022-08-02 12:52:20.340  INFO 87045 --- [restartedMain] com.zaxxer.hikari.HikariDataSource       : HikariPool-1 - Starting...
2022-08-02 12:52:20.982  INFO 87045 --- [restartedMain] com.zaxxer.hikari.HikariDataSource       : HikariPool-1 - Start completed.
2022-08-02 12:52:21.016  INFO 87045 --- [restartedMain] org.hibernate.dialect.Dialect            : HHH000400: Using dialect: org.hibernate.dialect.MySQL8Dialect
2022-08-02 12:52:22.587  INFO 87045 --- [restartedMain] o.h.e.t.j.p.i.JtaPlatformInitiator       : HHH000490: Using JtaPlatform implementation: [org.hibernate.engine.transaction.jta.platform.internal.NoJtaPlatform]
2022-08-02 12:52:22.620  INFO 87045 --- [restartedMain] j.LocalContainerEntityManagerFactoryBean : Initialized JPA EntityManagerFactory for persistence unit 'default'
2022-08-02 12:52:23.856  INFO 87045 --- [restartedMain] o.s.s.web.DefaultSecurityFilterChain     : Will secure any request with [org.springframework.security.web.session.DisableEncodeUrlFilter@5f4cecf8, org.springframework.security.web.context.request.async.WebAsyncManagerIntegrationFilter@58f4878c, org.springframework.security.web.context.SecurityContextPersistenceFilter@2a84a705, org.springframework.security.web.header.HeaderWriterFilter@1eb0da0b, org.springframework.security.web.csrf.CsrfFilter@9112ea3, org.springframework.security.web.authentication.logout.LogoutFilter@11c934a8, org.springframework.security.web.authentication.UsernamePasswordAuthenticationFilter@6b8e4e16, org.springframework.security.web.savedrequest.RequestCacheAwareFilter@72039611, org.springframework.security.web.servletapi.SecurityContextHolderAwareRequestFilter@15c2defb, org.springframework.security.web.authentication.AnonymousAuthenticationFilter@5eaa50e1, org.springframework.security.web.session.SessionManagementFilter@41d4337b, org.springframework.security.web.access.ExceptionTranslationFilter@221745ac, org.springframework.security.web.access.intercept.FilterSecurityInterceptor@134c776c]
2022-08-02 12:52:24.179  WARN 87045 --- [restartedMain] JpaBaseConfiguration$JpaWebConfiguration : spring.jpa.open-in-view is enabled by default. Therefore, database queries may be performed during view rendering. Explicitly configure spring.jpa.open-in-view to disable this warning
2022-08-02 12:52:24.473  INFO 87045 --- [restartedMain] o.s.b.a.w.s.WelcomePageHandlerMapping    : Adding welcome page template: index
2022-08-02 12:52:25.615  WARN 87045 --- [restartedMain] o.s.s.c.a.web.builders.WebSecurity       : You are asking Spring Security to ignore Ant [pattern='/images/**']. This is not recommended -- please use permitAll via HttpSecurity#authorizeHttpRequests instead.
2022-08-02 12:52:25.615  INFO 87045 --- [restartedMain] o.s.s.web.DefaultSecurityFilterChain     : Will not secure Ant [pattern='/images/**']
2022-08-02 12:52:25.616  WARN 87045 --- [restartedMain] o.s.s.c.a.web.builders.WebSecurity       : You are asking Spring Security to ignore Ant [pattern='/js/**']. This is not recommended -- please use permitAll via HttpSecurity#authorizeHttpRequests instead.
2022-08-02 12:52:25.617  INFO 87045 --- [restartedMain] o.s.s.web.DefaultSecurityFilterChain     : Will not secure Ant [pattern='/js/**']
2022-08-02 12:52:25.617  WARN 87045 --- [restartedMain] o.s.s.c.a.web.builders.WebSecurity       : You are asking Spring Security to ignore Ant [pattern='/webjars/**']. This is not recommended -- please use permitAll via HttpSecurity#authorizeHttpRequests instead.
2022-08-02 12:52:25.618  INFO 87045 --- [restartedMain] o.s.s.web.DefaultSecurityFilterChain     : Will not secure Ant [pattern='/webjars/**']
2022-08-02 12:52:25.701  INFO 87045 --- [restartedMain] o.s.b.d.a.OptionalLiveReloadServer       : LiveReload server is running on port 35729
2022-08-02 12:52:25.791  INFO 87045 --- [restartedMain] o.s.b.w.embedded.tomcat.TomcatWebServer  : Tomcat started on port(s): 8080 (http) with context path '/AtisAdmin'
2022-08-02 12:52:25.821  INFO 87045 --- [restartedMain] com.atis.admin.AtisBackEndApplication    : Started AtisBackEndApplication in 11.066 seconds (JVM running for 17.716)
2022-08-02 12:59:35.918  INFO 87045 --- [Thread-5] j.LocalContainerEntityManagerFactoryBean : Closing JPA EntityManagerFactory for persistence unit 'default'
2022-08-02 12:59:35.948  INFO 87045 --- [Thread-5] com.zaxxer.hikari.HikariDataSource       : HikariPool-1 - Shutdown initiated...
2022-08-02 12:59:36.006  INFO 87045 --- [Thread-5] com.zaxxer.hikari.HikariDataSource       : HikariPool-1 - Shutdown completed.
2022-08-02 12:59:41.546  INFO 87045 --- [restartedMain] com.atis.admin.AtisBackEndApplication    : Starting AtisBackEndApplication using Java 17.0.3 on nueras-MacBook-Air.local with PID 87045 (/Users/nuera/Documents/workspace-spring-tool-suite-4-4.15.1.RELEASE/AtisProject/AtisWebParent/AtisBackEnd/target/classes started by nuera in /Users/nuera/Documents/workspace-spring-tool-suite-4-4.15.1.RELEASE/AtisProject/AtisWebParent/AtisBackEnd)
2022-08-02 12:59:41.547  INFO 87045 --- [restartedMain] com.atis.admin.AtisBackEndApplication    : No active profile set, falling back to 1 default profile: "default"
2022-08-02 12:59:41.990  INFO 87045 --- [restartedMain] .s.d.r.c.RepositoryConfigurationDelegate : Bootstrapping Spring Data JPA repositories in DEFAULT mode.
2022-08-02 12:59:42.014  INFO 87045 --- [restartedMain] .s.d.r.c.RepositoryConfigurationDelegate : Finished Spring Data repository scanning in 23 ms. Found 2 JPA repository interfaces.
2022-08-02 12:59:42.240  INFO 87045 --- [restartedMain] o.s.b.w.embedded.tomcat.TomcatWebServer  : Tomcat initialized with port(s): 8080 (http)
2022-08-02 12:59:42.242  INFO 87045 --- [restartedMain] o.apache.catalina.core.StandardService   : Starting service [Tomcat]
2022-08-02 12:59:42.243  INFO 87045 --- [restartedMain] org.apache.catalina.core.StandardEngine  : Starting Servlet engine: [Apache Tomcat/9.0.65]
2022-08-02 12:59:42.270  INFO 87045 --- [restartedMain] o.a.c.c.C.[.[localhost].[/AtisAdmin]     : Initializing Spring embedded WebApplicationContext
2022-08-02 12:59:42.270  INFO 87045 --- [restartedMain] w.s.c.ServletWebServerApplicationContext : Root WebApplicationContext: initialization completed in 706 ms
2022-08-02 12:59:42.371  INFO 87045 --- [restartedMain] o.hibernate.jpa.internal.util.LogHelper  : HHH000204: Processing PersistenceUnitInfo [name: default]
2022-08-02 12:59:42.385  INFO 87045 --- [restartedMain] com.zaxxer.hikari.HikariDataSource       : HikariPool-2 - Starting...
2022-08-02 12:59:42.429  INFO 87045 --- [restartedMain] com.zaxxer.hikari.HikariDataSource       : HikariPool-2 - Start completed.
2022-08-02 12:59:42.431  INFO 87045 --- [restartedMain] org.hibernate.dialect.Dialect            : HHH000400: Using dialect: org.hibernate.dialect.MySQL8Dialect
2022-08-02 12:59:42.617  INFO 87045 --- [restartedMain] o.h.e.t.j.p.i.JtaPlatformInitiator       : HHH000490: Using JtaPlatform implementation: [org.hibernate.engine.transaction.jta.platform.internal.NoJtaPlatform]
2022-08-02 12:59:42.618  INFO 87045 --- [restartedMain] j.LocalContainerEntityManagerFactoryBean : Initialized JPA EntityManagerFactory for persistence unit 'default'
2022-08-02 12:59:42.887  INFO 87045 --- [restartedMain] o.s.s.web.DefaultSecurityFilterChain     : Will secure any request with [org.springframework.security.web.session.DisableEncodeUrlFilter@41ceba7a, org.springframework.security.web.context.request.async.WebAsyncManagerIntegrationFilter@689c87c2, org.springframework.security.web.context.SecurityContextPersistenceFilter@2393c584, org.springframework.security.web.header.HeaderWriterFilter@4a004677, org.springframework.security.web.csrf.CsrfFilter@6ff57d3f, org.springframework.security.web.authentication.logout.LogoutFilter@607563c5, org.springframework.security.web.authentication.UsernamePasswordAuthenticationFilter@1d34db1f, org.springframework.security.web.savedrequest.RequestCacheAwareFilter@3e851d56, org.springframework.security.web.servletapi.SecurityContextHolderAwareRequestFilter@76fec70f, org.springframework.security.web.authentication.AnonymousAuthenticationFilter@6a805e67, org.springframework.security.web.session.SessionManagementFilter@674b50d7, org.springframework.security.web.access.ExceptionTranslationFilter@1af0ff67, org.springframework.security.web.access.intercept.FilterSecurityInterceptor@4fc9aafc]
2022-08-02 12:59:42.916  WARN 87045 --- [restartedMain] JpaBaseConfiguration$JpaWebConfiguration : spring.jpa.open-in-view is enabled by default. Therefore, database queries may be performed during view rendering. Explicitly configure spring.jpa.open-in-view to disable this warning
2022-08-02 12:59:43.006  INFO 87045 --- [restartedMain] o.s.b.a.w.s.WelcomePageHandlerMapping    : Adding welcome page template: index
2022-08-02 12:59:44.145  WARN 87045 --- [restartedMain] o.s.s.c.a.web.builders.WebSecurity       : You are asking Spring Security to ignore Ant [pattern='/images/**']. This is not recommended -- please use permitAll via HttpSecurity#authorizeHttpRequests instead.
2022-08-02 12:59:44.148  INFO 87045 --- [restartedMain] o.s.s.web.DefaultSecurityFilterChain     : Will not secure Ant [pattern='/images/**']
2022-08-02 12:59:44.148  WARN 87045 --- [restartedMain] o.s.s.c.a.web.builders.WebSecurity       : You are asking Spring Security to ignore Ant [pattern='/js/**']. This is not recommended -- please use permitAll via HttpSecurity#authorizeHttpRequests instead.
2022-08-02 12:59:44.148  INFO 87045 --- [restartedMain] o.s.s.web.DefaultSecurityFilterChain     : Will not secure Ant [pattern='/js/**']
2022-08-02 12:59:44.149  WARN 87045 --- [restartedMain] o.s.s.c.a.web.builders.WebSecurity       : You are asking Spring Security to ignore Ant [pattern='/webjars/**']. This is not recommended -- please use permitAll via HttpSecurity#authorizeHttpRequests instead.
2022-08-02 12:59:44.149  INFO 87045 --- [restartedMain] o.s.s.web.DefaultSecurityFilterChain     : Will not secure Ant [pattern='/webjars/**']
2022-08-02 12:59:44.205  INFO 87045 --- [restartedMain] o.s.b.d.a.OptionalLiveReloadServer       : LiveReload server is running on port 35729
2022-08-02 12:59:44.315  INFO 87045 --- [restartedMain] o.s.b.w.embedded.tomcat.TomcatWebServer  : Tomcat started on port(s): 8080 (http) with context path '/AtisAdmin'
2022-08-02 12:59:44.379  INFO 87045 --- [restartedMain] com.atis.admin.AtisBackEndApplication    : Started AtisBackEndApplication in 7.955 seconds (JVM running for 456.292)
2022-08-02 12:59:44.384  INFO 87045 --- [restartedMain] .ConditionEvaluationDeltaLoggingListener : Condition evaluation unchanged
2022-08-02 13:08:50.349  INFO 87045 --- [Thread-7] j.LocalContainerEntityManagerFactoryBean : Closing JPA EntityManagerFactory for persistence unit 'default'
2022-08-02 13:08:50.360  INFO 87045 --- [Thread-7] com.zaxxer.hikari.HikariDataSource       : HikariPool-2 - Shutdown initiated...
2022-08-02 13:08:50.405  INFO 87045 --- [Thread-7] com.zaxxer.hikari.HikariDataSource       : HikariPool-2 - Shutdown completed.
